INFO : [model.TarotModel] [initCards] -:- [(24/11/2016) | 11:41:17.756] : Ajout carte atout n°1  : img/ressources-100/1.jpg
INFO : [model.TarotModel] [initCards] -:- [(24/11/2016) | 11:41:17.763] : Ajout carte : carreau : img/ressources-100/Carreau1.jpg
INFO : [model.TarotModel] [initCards] -:- [(24/11/2016) | 11:41:17.768] : Ajout carte : coeur 	: img/ressources-100/Coeur1.jpg
INFO : [model.TarotModel] [initCards] -:- [(24/11/2016) | 11:41:17.774] : Ajout carte : pique 	: img/ressources-100/Pique1.jpg
INFO : [model.TarotModel] [initCards] -:- [(24/11/2016) | 11:41:17.780] : Ajout carte : trefle 	: img/ressources-100/Trefle1.jpg
INFO : [model.TarotModel] [initCards] -:- [(24/11/2016) | 11:41:17.786] : Ajout carte : excuse  : img/ressources-100/excuse.jpg
INFO : [model.TarotModel] [initCards] -:- [(24/11/2016) | 11:41:17.792] : Ajout carte atout n°2  : img/ressources-100/2.jpg
INFO : [model.TarotModel] [initCards] -:- [(24/11/2016) | 11:41:17.800] : Ajout carte : carreau : img/ressources-100/Carreau2.jpg
INFO : [model.TarotModel] [initCards] -:- [(24/11/2016) | 11:41:17.806] : Ajout carte : coeur 	: img/ressources-100/Coeur2.jpg
INFO : [model.TarotModel] [initCards] -:- [(24/11/2016) | 11:41:17.811] : Ajout carte : pique 	: img/ressources-100/Pique2.jpg
INFO : [model.TarotModel] [initCards] -:- [(24/11/2016) | 11:41:17.815] : Ajout carte : trefle 	: img/ressources-100/Trefle2.jpg
INFO : [model.TarotModel] [initCards] -:- [(24/11/2016) | 11:41:17.820] : Ajout carte atout n°3  : img/ressources-100/3.jpg
INFO : [model.TarotModel] [initCards] -:- [(24/11/2016) | 11:41:17.826] : Ajout carte : carreau : img/ressources-100/Carreau3.jpg
INFO : [model.TarotModel] [initCards] -:- [(24/11/2016) | 11:41:17.832] : Ajout carte : coeur 	: img/ressources-100/Coeur3.jpg
INFO : [model.TarotModel] [initCards] -:- [(24/11/2016) | 11:41:17.838] : Ajout carte : pique 	: img/ressources-100/Pique3.jpg
INFO : [model.TarotModel] [initCards] -:- [(24/11/2016) | 11:41:17.843] : Ajout carte : trefle 	: img/ressources-100/Trefle3.jpg
INFO : [model.TarotModel] [initCards] -:- [(24/11/2016) | 11:41:17.847] : Ajout carte atout n°4  : img/ressources-100/4.jpg
INFO : [model.TarotModel] [initCards] -:- [(24/11/2016) | 11:41:17.851] : Ajout carte : carreau : img/ressources-100/Carreau4.jpg
INFO : [model.TarotModel] [initCards] -:- [(24/11/2016) | 11:41:17.855] : Ajout carte : coeur 	: img/ressources-100/Coeur4.jpg
INFO : [model.TarotModel] [initCards] -:- [(24/11/2016) | 11:41:17.860] : Ajout carte : pique 	: img/ressources-100/Pique4.jpg
INFO : [model.TarotModel] [initCards] -:- [(24/11/2016) | 11:41:17.864] : Ajout carte : trefle 	: img/ressources-100/Trefle4.jpg
INFO : [model.TarotModel] [initCards] -:- [(24/11/2016) | 11:41:17.869] : Ajout carte atout n°5  : img/ressources-100/5.jpg
INFO : [model.TarotModel] [initCards] -:- [(24/11/2016) | 11:41:17.875] : Ajout carte : carreau : img/ressources-100/Carreau5.jpg
INFO : [model.TarotModel] [initCards] -:- [(24/11/2016) | 11:41:17.880] : Ajout carte : coeur 	: img/ressources-100/Coeur5.jpg
INFO : [model.TarotModel] [initCards] -:- [(24/11/2016) | 11:41:17.886] : Ajout carte : pique 	: img/ressources-100/Pique5.jpg
INFO : [model.TarotModel] [initCards] -:- [(24/11/2016) | 11:41:17.892] : Ajout carte : trefle 	: img/ressources-100/Trefle5.jpg
INFO : [model.TarotModel] [initCards] -:- [(24/11/2016) | 11:41:17.897] : Ajout carte atout n°6  : img/ressources-100/6.jpg
INFO : [model.TarotModel] [initCards] -:- [(24/11/2016) | 11:41:17.902] : Ajout carte : carreau : img/ressources-100/Carreau6.jpg
INFO : [model.TarotModel] [initCards] -:- [(24/11/2016) | 11:41:17.908] : Ajout carte : coeur 	: img/ressources-100/Coeur6.jpg
INFO : [model.TarotModel] [initCards] -:- [(24/11/2016) | 11:41:17.912] : Ajout carte : pique 	: img/ressources-100/Pique6.jpg
INFO : [model.TarotModel] [initCards] -:- [(24/11/2016) | 11:41:17.918] : Ajout carte : trefle 	: img/ressources-100/Trefle6.jpg
INFO : [model.TarotModel] [initCards] -:- [(24/11/2016) | 11:41:17.922] : Ajout carte atout n°7  : img/ressources-100/7.jpg
INFO : [model.TarotModel] [initCards] -:- [(24/11/2016) | 11:41:17.928] : Ajout carte : carreau : img/ressources-100/Carreau7.jpg
INFO : [model.TarotModel] [initCards] -:- [(24/11/2016) | 11:41:17.933] : Ajout carte : coeur 	: img/ressources-100/Coeur7.jpg
INFO : [model.TarotModel] [initCards] -:- [(24/11/2016) | 11:41:17.937] : Ajout carte : pique 	: img/ressources-100/Pique7.jpg
INFO : [model.TarotModel] [initCards] -:- [(24/11/2016) | 11:41:17.942] : Ajout carte : trefle 	: img/ressources-100/Trefle7.jpg
INFO : [model.TarotModel] [initCards] -:- [(24/11/2016) | 11:41:17.948] : Ajout carte atout n°8  : img/ressources-100/8.jpg
INFO : [model.TarotModel] [initCards] -:- [(24/11/2016) | 11:41:17.952] : Ajout carte : carreau : img/ressources-100/Carreau8.jpg
INFO : [model.TarotModel] [initCards] -:- [(24/11/2016) | 11:41:17.958] : Ajout carte : coeur 	: img/ressources-100/Coeur8.jpg
INFO : [model.TarotModel] [initCards] -:- [(24/11/2016) | 11:41:17.964] : Ajout carte : pique 	: img/ressources-100/Pique8.jpg
INFO : [model.TarotModel] [initCards] -:- [(24/11/2016) | 11:41:17.969] : Ajout carte : trefle 	: img/ressources-100/Trefle8.jpg
INFO : [model.TarotModel] [initCards] -:- [(24/11/2016) | 11:41:17.976] : Ajout carte atout n°9  : img/ressources-100/9.jpg
INFO : [model.TarotModel] [initCards] -:- [(24/11/2016) | 11:41:17.984] : Ajout carte : carreau : img/ressources-100/Carreau9.jpg
INFO : [model.TarotModel] [initCards] -:- [(24/11/2016) | 11:41:17.988] : Ajout carte : coeur 	: img/ressources-100/Coeur9.jpg
INFO : [model.TarotModel] [initCards] -:- [(24/11/2016) | 11:41:17.993] : Ajout carte : pique 	: img/ressources-100/Pique9.jpg
INFO : [model.TarotModel] [initCards] -:- [(24/11/2016) | 11:41:17.996] : Ajout carte : trefle 	: img/ressources-100/Trefle9.jpg
INFO : [model.TarotModel] [initCards] -:- [(24/11/2016) | 11:41:18.001] : Ajout carte atout n°10  : img/ressources-100/10.jpg
INFO : [model.TarotModel] [initCards] -:- [(24/11/2016) | 11:41:18.006] : Ajout carte : carreau : img/ressources-100/Carreau10.jpg
INFO : [model.TarotModel] [initCards] -:- [(24/11/2016) | 11:41:18.011] : Ajout carte : coeur 	: img/ressources-100/Coeur10.jpg
INFO : [model.TarotModel] [initCards] -:- [(24/11/2016) | 11:41:18.015] : Ajout carte : pique 	: img/ressources-100/Pique10.jpg
INFO : [model.TarotModel] [initCards] -:- [(24/11/2016) | 11:41:18.019] : Ajout carte : trefle 	: img/ressources-100/Trefle10.jpg
INFO : [model.TarotModel] [initCards] -:- [(24/11/2016) | 11:41:18.024] : Ajout carte atout n°11  : img/ressources-100/11.jpg
INFO : [model.TarotModel] [initCards] -:- [(24/11/2016) | 11:41:18.029] : Ajout carte : carreau : img/ressources-100/Carreau11.jpg
INFO : [model.TarotModel] [initCards] -:- [(24/11/2016) | 11:41:18.034] : Ajout carte : coeur 	: img/ressources-100/Coeur11.jpg
INFO : [model.TarotModel] [initCards] -:- [(24/11/2016) | 11:41:18.039] : Ajout carte : pique 	: img/ressources-100/Pique11.jpg
INFO : [model.TarotModel] [initCards] -:- [(24/11/2016) | 11:41:18.043] : Ajout carte : trefle 	: img/ressources-100/Trefle11.jpg
INFO : [model.TarotModel] [initCards] -:- [(24/11/2016) | 11:41:18.048] : Ajout carte atout n°12  : img/ressources-100/12.jpg
INFO : [model.TarotModel] [initCards] -:- [(24/11/2016) | 11:41:18.052] : Ajout carte : carreau : img/ressources-100/Carreau12.jpg
INFO : [model.TarotModel] [initCards] -:- [(24/11/2016) | 11:41:18.057] : Ajout carte : coeur 	: img/ressources-100/Coeur12.jpg
INFO : [model.TarotModel] [initCards] -:- [(24/11/2016) | 11:41:18.061] : Ajout carte : pique 	: img/ressources-100/Pique12.jpg
INFO : [model.TarotModel] [initCards] -:- [(24/11/2016) | 11:41:18.066] : Ajout carte : trefle 	: img/ressources-100/Trefle12.jpg
INFO : [model.TarotModel] [initCards] -:- [(24/11/2016) | 11:41:18.071] : Ajout carte atout n°13  : img/ressources-100/13.jpg
INFO : [model.TarotModel] [initCards] -:- [(24/11/2016) | 11:41:18.076] : Ajout carte : carreau : img/ressources-100/Carreau13.jpg
INFO : [model.TarotModel] [initCards] -:- [(24/11/2016) | 11:41:18.081] : Ajout carte : coeur 	: img/ressources-100/Coeur13.jpg
INFO : [model.TarotModel] [initCards] -:- [(24/11/2016) | 11:41:18.086] : Ajout carte : pique 	: img/ressources-100/Pique13.jpg
INFO : [model.TarotModel] [initCards] -:- [(24/11/2016) | 11:41:18.090] : Ajout carte : trefle 	: img/ressources-100/Trefle13.jpg
INFO : [model.TarotModel] [initCards] -:- [(24/11/2016) | 11:41:18.095] : Ajout carte atout n°14  : img/ressources-100/14.jpg
INFO : [model.TarotModel] [initCards] -:- [(24/11/2016) | 11:41:18.099] : Ajout carte : carreau : img/ressources-100/Carreau14.jpg
INFO : [model.TarotModel] [initCards] -:- [(24/11/2016) | 11:41:18.103] : Ajout carte : coeur 	: img/ressources-100/Coeur14.jpg
INFO : [model.TarotModel] [initCards] -:- [(24/11/2016) | 11:41:18.107] : Ajout carte : pique 	: img/ressources-100/Pique14.jpg
INFO : [model.TarotModel] [initCards] -:- [(24/11/2016) | 11:41:18.111] : Ajout carte : trefle 	: img/ressources-100/Trefle14.jpg
INFO : [model.TarotModel] [initCards] -:- [(24/11/2016) | 11:41:18.121] : Ajout carte atout n°15  : img/ressources-100/15.jpg
INFO : [model.TarotModel] [initCards] -:- [(24/11/2016) | 11:41:18.138] : Ajout carte atout n°16  : img/ressources-100/16.jpg
INFO : [model.TarotModel] [initCards] -:- [(24/11/2016) | 11:41:18.142] : Ajout carte atout n°17  : img/ressources-100/17.jpg
INFO : [model.TarotModel] [initCards] -:- [(24/11/2016) | 11:41:18.147] : Ajout carte atout n°18  : img/ressources-100/18.jpg
INFO : [model.TarotModel] [initCards] -:- [(24/11/2016) | 11:41:18.152] : Ajout carte atout n°19  : img/ressources-100/19.jpg
INFO : [model.TarotModel] [initCards] -:- [(24/11/2016) | 11:41:18.155] : Ajout carte atout n°20  : img/ressources-100/20.jpg
INFO : [model.TarotModel] [initCards] -:- [(24/11/2016) | 11:41:18.160] : Ajout carte atout n°21  : img/ressources-100/21.jpg
INFO : [model.TarotModel] [initCards] -:- [(24/11/2016) | 11:41:18.160] : Nombre de cartes : 78
