INFO : [view.TarotLocalViewGame] [<init>] -:- [(21/11/2016) | 23:54:07.893] : Ajout de la carte 13 : Pique dans la vue.
INFO : [view.TarotLocalViewGame] [<init>] -:- [(21/11/2016) | 23:54:07.895] : Ajout de la carte 14 : Coeur dans la vue.
INFO : [view.TarotLocalViewGame] [<init>] -:- [(21/11/2016) | 23:54:07.896] : Ajout de la carte 15 : Atout dans la vue.
INFO : [view.TarotLocalViewGame] [<init>] -:- [(21/11/2016) | 23:54:07.898] : Ajout de la carte 3 : Carreau dans la vue.
INFO : [view.TarotLocalViewGame] [<init>] -:- [(21/11/2016) | 23:54:07.899] : Ajout de la carte 11 : Coeur dans la vue.
INFO : [view.TarotLocalViewGame] [<init>] -:- [(21/11/2016) | 23:54:07.899] : Ajout de la carte 12 : Trefle dans la vue.
INFO : [view.TarotLocalViewGame] [<init>] -:- [(21/11/2016) | 23:54:07.900] : Ajout de la carte 14 : Pique dans la vue.
INFO : [view.TarotLocalViewGame] [<init>] -:- [(21/11/2016) | 23:54:07.901] : Ajout de la carte 8 : Pique dans la vue.
INFO : [view.TarotLocalViewGame] [<init>] -:- [(21/11/2016) | 23:54:07.902] : Ajout de la carte 9 : Carreau dans la vue.
INFO : [view.TarotLocalViewGame] [<init>] -:- [(21/11/2016) | 23:54:07.903] : Ajout de la carte 4 : Pique dans la vue.
INFO : [view.TarotLocalViewGame] [<init>] -:- [(21/11/2016) | 23:54:07.903] : Ajout de la carte 14 : Trefle dans la vue.
INFO : [view.TarotLocalViewGame] [<init>] -:- [(21/11/2016) | 23:54:07.904] : Ajout de la carte 6 : Carreau dans la vue.
INFO : [view.TarotLocalViewGame] [<init>] -:- [(21/11/2016) | 23:54:07.905] : Ajout de la carte 6 : Coeur dans la vue.
INFO : [view.TarotLocalViewGame] [<init>] -:- [(21/11/2016) | 23:54:07.905] : Ajout de la carte 5 : Coeur dans la vue.
INFO : [view.TarotLocalViewGame] [<init>] -:- [(21/11/2016) | 23:54:07.906] : Ajout de la carte 6 : Pique dans la vue.
INFO : [view.TarotLocalViewGame] [<init>] -:- [(21/11/2016) | 23:54:07.907] : Ajout de la carte 1 : Trefle dans la vue.
INFO : [view.TarotLocalViewGame] [<init>] -:- [(21/11/2016) | 23:54:07.908] : Ajout de la carte 5 : Trefle dans la vue.
INFO : [view.TarotLocalViewGame] [<init>] -:- [(21/11/2016) | 23:54:07.909] : Ajout de la carte 5 : Pique dans la vue.
INFO : [view.TarotLocalViewGame] [<init>] -:- [(21/11/2016) | 23:54:07.909] : Ajout de la carte 13 : Trefle dans la vue.
INFO : [view.TarotLocalViewGame] [<init>] -:- [(21/11/2016) | 23:54:07.910] : Ajout de la carte 8 : Trefle dans la vue.
INFO : [view.TarotLocalViewGame] [<init>] -:- [(21/11/2016) | 23:54:07.911] : Ajout de la carte 21 : Atout dans la vue.
INFO : [view.TarotLocalViewGame] [<init>] -:- [(21/11/2016) | 23:54:07.911] : Ajout de la carte 6 : Trefle dans la vue.
INFO : [view.TarotLocalViewGame] [<init>] -:- [(21/11/2016) | 23:54:07.912] : Ajout de la carte 8 : Atout dans la vue.
INFO : [view.TarotLocalViewGame] [<init>] -:- [(21/11/2016) | 23:54:07.913] : Ajout de la carte 7 : Pique dans la vue.
INFO : [view.TarotLocalViewGame] [<init>] -:- [(21/11/2016) | 23:54:07.913] : Ajout de la carte 1 : Coeur dans la vue.
INFO : [view.TarotLocalViewGame] [<init>] -:- [(21/11/2016) | 23:54:07.914] : Ajout de la carte 12 : Pique dans la vue.
INFO : [view.TarotLocalViewGame] [<init>] -:- [(21/11/2016) | 23:54:07.915] : Ajout de la carte 14 : Atout dans la vue.
INFO : [view.TarotLocalViewGame] [<init>] -:- [(21/11/2016) | 23:54:07.915] : Ajout de la carte 9 : Trefle dans la vue.
INFO : [view.TarotLocalViewGame] [<init>] -:- [(21/11/2016) | 23:54:07.916] : Ajout de la carte 3 : Pique dans la vue.
INFO : [view.TarotLocalViewGame] [<init>] -:- [(21/11/2016) | 23:54:07.916] : Ajout de la carte 13 : Coeur dans la vue.
INFO : [view.TarotLocalViewGame] [<init>] -:- [(21/11/2016) | 23:54:07.917] : Ajout de la carte 3 : Trefle dans la vue.
INFO : [view.TarotLocalViewGame] [<init>] -:- [(21/11/2016) | 23:54:07.918] : Ajout de la carte 12 : Coeur dans la vue.
INFO : [view.TarotLocalViewGame] [<init>] -:- [(21/11/2016) | 23:54:07.919] : Ajout de la carte 6 : Atout dans la vue.
INFO : [view.TarotLocalViewGame] [<init>] -:- [(21/11/2016) | 23:54:07.919] : Ajout de la carte 2 : Pique dans la vue.
INFO : [view.TarotLocalViewGame] [<init>] -:- [(21/11/2016) | 23:54:07.920] : Ajout de la carte 10 : Atout dans la vue.
INFO : [view.TarotLocalViewGame] [<init>] -:- [(21/11/2016) | 23:54:07.921] : Ajout de la carte 10 : Pique dans la vue.
INFO : [view.TarotLocalViewGame] [<init>] -:- [(21/11/2016) | 23:54:07.921] : Ajout de la carte 5 : Carreau dans la vue.
INFO : [view.TarotLocalViewGame] [<init>] -:- [(21/11/2016) | 23:54:07.922] : Ajout de la carte 2 : Trefle dans la vue.
INFO : [view.TarotLocalViewGame] [<init>] -:- [(21/11/2016) | 23:54:07.923] : Ajout de la carte 13 : Atout dans la vue.
INFO : [view.TarotLocalViewGame] [<init>] -:- [(21/11/2016) | 23:54:07.923] : Ajout de la carte 9 : Pique dans la vue.
INFO : [view.TarotLocalViewGame] [<init>] -:- [(21/11/2016) | 23:54:07.924] : Ajout de la carte 20 : Atout dans la vue.
INFO : [view.TarotLocalViewGame] [<init>] -:- [(21/11/2016) | 23:54:07.924] : Ajout de la carte 7 : Trefle dans la vue.
INFO : [view.TarotLocalViewGame] [<init>] -:- [(21/11/2016) | 23:54:07.925] : Ajout de la carte 2 : Atout dans la vue.
INFO : [view.TarotLocalViewGame] [<init>] -:- [(21/11/2016) | 23:54:07.925] : Ajout de la carte 14 : Carreau dans la vue.
INFO : [view.TarotLocalViewGame] [<init>] -:- [(21/11/2016) | 23:54:07.926] : Ajout de la carte 4 : Atout dans la vue.
INFO : [view.TarotLocalViewGame] [<init>] -:- [(21/11/2016) | 23:54:07.927] : Ajout de la carte 0 : null dans la vue.
INFO : [view.TarotLocalViewGame] [<init>] -:- [(21/11/2016) | 23:54:07.927] : Ajout de la carte 4 : Carreau dans la vue.
INFO : [view.TarotLocalViewGame] [<init>] -:- [(21/11/2016) | 23:54:07.928] : Ajout de la carte 11 : Pique dans la vue.
INFO : [view.TarotLocalViewGame] [<init>] -:- [(21/11/2016) | 23:54:07.929] : Ajout de la carte 11 : Atout dans la vue.
INFO : [view.TarotLocalViewGame] [<init>] -:- [(21/11/2016) | 23:54:07.930] : Ajout de la carte 9 : Atout dans la vue.
INFO : [view.TarotLocalViewGame] [<init>] -:- [(21/11/2016) | 23:54:07.930] : Ajout de la carte 8 : Carreau dans la vue.
INFO : [view.TarotLocalViewGame] [<init>] -:- [(21/11/2016) | 23:54:07.931] : Ajout de la carte 19 : Atout dans la vue.
INFO : [view.TarotLocalViewGame] [<init>] -:- [(21/11/2016) | 23:54:07.931] : Ajout de la carte 13 : Carreau dans la vue.
INFO : [view.TarotLocalViewGame] [<init>] -:- [(21/11/2016) | 23:54:07.932] : Ajout de la carte 10 : Trefle dans la vue.
INFO : [view.TarotLocalViewGame] [<init>] -:- [(21/11/2016) | 23:54:07.933] : Ajout de la carte 11 : Carreau dans la vue.
INFO : [view.TarotLocalViewGame] [<init>] -:- [(21/11/2016) | 23:54:07.933] : Ajout de la carte 1 : Carreau dans la vue.
INFO : [view.TarotLocalViewGame] [<init>] -:- [(21/11/2016) | 23:54:07.934] : Ajout de la carte 4 : Coeur dans la vue.
INFO : [view.TarotLocalViewGame] [<init>] -:- [(21/11/2016) | 23:54:07.934] : Ajout de la carte 10 : Carreau dans la vue.
INFO : [view.TarotLocalViewGame] [<init>] -:- [(21/11/2016) | 23:54:07.935] : Ajout de la carte 5 : Atout dans la vue.
INFO : [view.TarotLocalViewGame] [<init>] -:- [(21/11/2016) | 23:54:07.935] : Ajout de la carte 3 : Atout dans la vue.
INFO : [view.TarotLocalViewGame] [<init>] -:- [(21/11/2016) | 23:54:07.936] : Ajout de la carte 1 : Atout dans la vue.
INFO : [view.TarotLocalViewGame] [<init>] -:- [(21/11/2016) | 23:54:07.936] : Ajout de la carte 11 : Trefle dans la vue.
INFO : [view.TarotLocalViewGame] [<init>] -:- [(21/11/2016) | 23:54:07.937] : Ajout de la carte 3 : Coeur dans la vue.
INFO : [view.TarotLocalViewGame] [<init>] -:- [(21/11/2016) | 23:54:07.937] : Ajout de la carte 16 : Atout dans la vue.
INFO : [view.TarotLocalViewGame] [<init>] -:- [(21/11/2016) | 23:54:07.938] : Ajout de la carte 2 : Carreau dans la vue.
INFO : [view.TarotLocalViewGame] [<init>] -:- [(21/11/2016) | 23:54:07.939] : Ajout de la carte 12 : Carreau dans la vue.
INFO : [view.TarotLocalViewGame] [<init>] -:- [(21/11/2016) | 23:54:07.940] : Ajout de la carte 18 : Atout dans la vue.
INFO : [view.TarotLocalViewGame] [<init>] -:- [(21/11/2016) | 23:54:07.940] : Ajout de la carte 7 : Carreau dans la vue.
INFO : [view.TarotLocalViewGame] [<init>] -:- [(21/11/2016) | 23:54:07.941] : Ajout de la carte 17 : Atout dans la vue.
INFO : [view.TarotLocalViewGame] [<init>] -:- [(21/11/2016) | 23:54:07.941] : Ajout de la carte 4 : Trefle dans la vue.
INFO : [view.TarotLocalViewGame] [<init>] -:- [(21/11/2016) | 23:54:07.942] : Ajout de la carte 7 : Atout dans la vue.
INFO : [view.TarotLocalViewGame] [<init>] -:- [(21/11/2016) | 23:54:07.942] : Ajout de la carte 12 : Atout dans la vue.
INFO : [view.TarotLocalViewGame] [<init>] -:- [(21/11/2016) | 23:54:07.942] : Ajout de la carte 1 : Pique dans la vue.
INFO : [view.TarotLocalViewGame] [<init>] -:- [(21/11/2016) | 23:54:07.943] : Ajout de la carte 2 : Coeur dans la vue.
INFO : [view.TarotLocalViewGame] [<init>] -:- [(21/11/2016) | 23:54:07.943] : Ajout de la carte 10 : Coeur dans la vue.
INFO : [view.TarotLocalViewGame] [<init>] -:- [(21/11/2016) | 23:54:07.944] : Ajout de la carte 7 : Coeur dans la vue.
INFO : [view.TarotLocalViewGame] [<init>] -:- [(21/11/2016) | 23:54:07.944] : Ajout de la carte 9 : Coeur dans la vue.
INFO : [view.TarotLocalViewGame] [<init>] -:- [(21/11/2016) | 23:54:07.945] : Ajout de la carte 8 : Coeur dans la vue.
